giu 08, 2026 3:51:14 PM com.arvedi.controller.AppController aggiungiCabina
INFORMAZIONI: Cabina aggiunta: 300 - Nord-Est
giu 08, 2026 3:51:30 PM com.arvedi.controller.AppController aggiungiTecnico
INFORMAZIONI: Tecnico aggiunto: Andrea Omo (ITImpresa)
giu 08, 2026 3:51:43 PM com.arvedi.controller.AppController aggiungiIntervento
INFORMAZIONI: Intervento registrato: 2026-06-08 | 300 - Nord-Est | Andrea Omo (ITImpresa) | Positivo | BASSA
giu 08, 2026 3:52:36 PM com.arvedi.controller.AppController aggiungiTipologia
INFORMAZIONI: Tipologia aggiunta: BT
giu 08, 2026 3:52:43 PM com.arvedi.controller.AppController aggiungiTipologia
INFORMAZIONI: Tipologia aggiunta: MT
giu 08, 2026 3:52:45 PM com.arvedi.controller.AppController aggiungiTipologia
INFORMAZIONI: Tipologia aggiunta: AT
giu 08, 2026 3:52:50 PM com.arvedi.controller.AppController aggiungiTipologia
INFORMAZIONI: Tipologia aggiunta: Distribuzione
giu 08, 2026 3:52:53 PM com.arvedi.controller.AppController aggiungiTipologia
INFORMAZIONI: Tipologia aggiunta: Automazione
giu 08, 2026 3:53:05 PM com.arvedi.controller.AppController aggiungiQuadro
INFORMAZIONI: Quadro aggiunto: 123454 | 300 - Nord-Est | AT
giu 08, 2026 3:53:17 PM com.arvedi.controller.AppController aggiungiControllo
INFORMAZIONI: Controllo aggiunto: Fare - AT
giu 08, 2026 4:14:02 PM com.arvedi.controller.AppController aggiungiCabina
INFORMAZIONI: Cabina aggiunta: 300 - Nord-Ovest
giu 08, 2026 4:14:16 PM com.arvedi.controller.AppController aggiungiTecnico
INFORMAZIONI: Tecnico aggiunto: Andrea Omo (ITimpresa)
giu 08, 2026 4:14:29 PM com.arvedi.controller.AppController aggiungiIntervento
INFORMAZIONI: Intervento registrato: 2026-06-08 | 300 - Nord-Ovest | Andrea Omo (ITimpresa) | Positivo | ALTA
giu 08, 2026 4:14:33 PM com.arvedi.controller.AppController aggiornaIntervento
INFORMAZIONI: Intervento aggiornato: 2026-06-08 | 300 - Nord-Ovest | Andrea Omo (ITimpresa) | Positivo | ALTA
giu 08, 2026 4:14:37 PM com.arvedi.controller.AppController esportaInterventiTxt
INFORMAZIONI: Interventi esportati su interventi.txt
giu 08, 2026 4:15:06 PM com.arvedi.controller.AppController aggiungiTipologia
INFORMAZIONI: Tipologia aggiunta: BT
giu 08, 2026 4:15:09 PM com.arvedi.controller.AppController aggiungiTipologia
INFORMAZIONI: Tipologia aggiunta: MT
giu 08, 2026 4:15:14 PM com.arvedi.controller.AppController aggiungiTipologia
INFORMAZIONI: Tipologia aggiunta: AT
giu 08, 2026 4:15:18 PM com.arvedi.controller.AppController aggiungiTipologia
INFORMAZIONI: Tipologia aggiunta: Distribuzione
giu 08, 2026 4:15:24 PM com.arvedi.controller.AppController aggiungiTipologia
INFORMAZIONI: Tipologia aggiunta: Automazione
giu 08, 2026 4:15:34 PM com.arvedi.controller.AppController aggiungiQuadro
INFORMAZIONI: Quadro aggiunto: 1234 | 300 - Nord-Ovest | Distribuzione
giu 08, 2026 4:15:43 PM com.arvedi.controller.AppController aggiungiControllo
INFORMAZIONI: Controllo aggiunto: Programmato - Distribuzione
giu 08, 2026 4:25:22 PM com.arvedi.controller.AppController aggiungiCabina
INFORMAZIONI: Cabina aggiunta: 1515667 - Sud
giu 08, 2026 4:25:35 PM com.arvedi.controller.AppController aggiungiTecnico
INFORMAZIONI: Tecnico aggiunto: Giampiero Tecnologia (BurroSRL)
giu 08, 2026 4:25:52 PM com.arvedi.controller.AppController aggiungiIntervento
INFORMAZIONI: Intervento registrato: 2026-06-08 | 1515667 - Sud | Giampiero Tecnologia (BurroSRL) | Positivo | ALTA
